#
# A fatal error has been detected by the Java Runtime Environment:
#
#  EXCEPTION_ACCESS_VIOLATION (0xc0000005) at pc=0x000000005139dd90, pid=1980, tid=4592
#
# JRE version: Java(TM) SE Runtime Environment (8.0_45-b14) (build 1.8.0_45-b14)
# Java VM: Java HotSpot(TM) 64-Bit Server VM (25.45-b02 mixed mode windows-amd64 compressed oops)
# Problematic frame:
# C  [atio6axx.dll+0x2bdd90]
#
# Failed to write core dump. Minidumps are not enabled by default on client versions of Windows
#
# If you would like to submit a bug report, please visit:
#   http://bugreport.java.com/bugreport/crash.jsp
# The crash happened outside the Java Virtual Machine in native code.
# See problematic frame for where to report the bug.
#

---------------  T H R E A D  ---------------

Current thread (0x0000000001e5f800):  JavaThread "main" [_thread_in_native, id=4592, stack(0x0000000002190000,0x0000000002290000)]

siginfo: ExceptionCode=0xc0000005, reading address 0x0000000000000000

Registers:
RAX=0x000000001fd5d000, RBX=0x0000000000000000, RCX=0x0000000000000000, RDX=0x0000000000000000
RSP=0x000000000228e8d0, RBP=0x0000000000000002, RSI=0x0000000000000005, RDI=0x0000000000000002
R8 =0x000000001fd5d009, R9 =0x000000000228e910, R10=0x000000001fd5d010, R11=0x000000001fd5d000
R12=0x0000000000000005, R13=0x0000000023e0f6c0, R14=0x0000000000000000, R15=0x0000000052a08c00
RIP=0x000000005139dd90, EFLAGS=0x0000000000010293

Top of Stack: (sp=0x000000000228e8d0)
0x000000000228e8d0:   000000002274d930 0000000051aa8aad
0x000000000228e8e0:   0000000023eb3bf0 000000002274d930
0x000000000228e8f0:   00000000002a11d0 0000000000000000
0x000000000228e900:   0000000000000000 0000000051aa954c
0x000000000228e910:   0000000000000000 0000001000000010
0x000000000228e920:   0000000000000000 0000001000000010
0x000000000228e930:   00000000002a11c0 00000000002bf8e0
0x000000000228e940:   0000000000000004 0000000021a45880
0x000000000228e950:   0000000023e137e0 000000000228ea10
0x000000000228e960:   0000000000000000 0000000000000000
0x000000000228e970:   0000000021665120 0000000000000000
0x000000000228e980:   00000000510e0000 00000000002bf8e0
0x000000000228e990:   000000000228eaa0 0000000051aa9fa3
0x000000000228e9a0:   00000000002a11c0 00000000002bf8e0
0x000000000228e9b0:   0000000200000000 0000000021a45880
0x000000000228e9c0:   000000000003fc00 000000000228ea80 

Instructions: (pc=0x000000005139dd90)
0x000000005139dd70:   45 8b 51 0c 49 8b 19 4c 03 d0 48 8b d3 4d 8d 42
0x000000005139dd80:   f9 49 3b c0 73 1e 66 66 0f 1f 84 00 00 00 00 00
0x000000005139dd90:   48 8b 0a 48 83 c0 08 48 83 c2 08 48 89 48 f8 49
0x000000005139dda0:   3b c0 72 ec 4d 8d 42 fd 49 3b c0 73 12 48 2b d0 


Register to memory mapping:

RAX=0x000000001fd5d000 is an unknown value
RBX=0x0000000000000000 is an unknown value
RCX=0x0000000000000000 is an unknown value
RDX=0x0000000000000000 is an unknown value
RSP=0x000000000228e8d0 is pointing into the stack for thread: 0x0000000001e5f800
RBP=0x0000000000000002 is an unknown value
RSI=0x0000000000000005 is an unknown value
RDI=0x0000000000000002 is an unknown value
R8 =0x000000001fd5d009 is an unknown value
R9 =0x000000000228e910 is pointing into the stack for thread: 0x0000000001e5f800
R10=0x000000001fd5d010 is an unknown value
R11=0x000000001fd5d000 is an unknown value
R12=0x0000000000000005 is an unknown value
R13=0x0000000023e0f6c0 is an unknown value
R14=0x0000000000000000 is an unknown value
R15=0x0000000052a08c00 is an unknown value


Stack: [0x0000000002190000,0x0000000002290000],  sp=0x000000000228e8d0,  free space=1018k
Native frames: (J=compiled Java code, j=interpreted, Vv=VM code, C=native code)
C  [atio6axx.dll+0x2bdd90]
C  [atio6axx.dll+0x272bbf]
C  [atio6axx.dll+0x1fb86a]
C  [atio6axx.dll+0x1f8b0b]
C  [atio6axx.dll+0x4819fd]
C  0x000000000257dfcc

Java frames: (J=compiled Java code, j=interpreted, Vv=VM code)
j  org.lwjgl.opengl.GL11.nglDrawElements(IIIJJ)V+0
j  org.lwjgl.opengl.GL11.nglDrawElements(IIIJ)V+26
j  org.lwjgl.opengl.GL11.glDrawElements(IIIJ)V+17
j  gorskE.component.RenderStatic2DColorOnly.renderVAO()V+103
j  gorskE.GameScene.render()V+45
j  gorskE.GorskE.loop()V+20
j  gorskE.GorskE.run()V+38
j  gorskE.GorskE.main([Ljava/lang/String;)V+13
v  ~StubRoutines::call_stub

---------------  P R O C E S S  ---------------

Java Threads: ( => current thread )
  0x000000001d4ac800 JavaThread "Service Thread" daemon [_thread_blocked, id=1464, stack(0x000000001f910000,0x000000001fa10000)]
  0x000000001d439000 JavaThread "C1 CompilerThread3" daemon [_thread_blocked, id=5372, stack(0x000000001f6c0000,0x000000001f7c0000)]
  0x000000001d430000 JavaThread "C2 CompilerThread2" daemon [_thread_blocked, id=5792, stack(0x000000001f570000,0x000000001f670000)]
  0x000000001d42d000 JavaThread "C2 CompilerThread1" daemon [_thread_blocked, id=5636, stack(0x000000001f450000,0x000000001f550000)]
  0x000000001d418800 JavaThread "C2 CompilerThread0" daemon [_thread_blocked, id=6060, stack(0x000000001f330000,0x000000001f430000)]
  0x000000001d40a000 JavaThread "JDWP Command Reader" daemon [_thread_in_native, id=4632, stack(0x000000001f1b0000,0x000000001f2b0000)]
  0x000000001d407000 JavaThread "JDWP Event Helper Thread" daemon [_thread_blocked, id=5632, stack(0x000000001f0b0000,0x000000001f1b0000)]
  0x000000001d404800 JavaThread "JDWP Transport Listener: dt_socket" daemon [_thread_blocked, id=4440, stack(0x000000001eec0000,0x000000001efc0000)]
  0x000000001d3f3000 JavaThread "Attach Listener" daemon [_thread_blocked, id=3288, stack(0x000000001e8e0000,0x000000001e9e0000)]
  0x000000001d3f2000 JavaThread "Signal Dispatcher" daemon [_thread_blocked, id=6008, stack(0x000000001e5e0000,0x000000001e6e0000)]
  0x000000001c230800 JavaThread "Finalizer" daemon [_thread_blocked, id=1328, stack(0x000000001e6e0000,0x000000001e7e0000)]
  0x000000001c229000 JavaThread "Reference Handler" daemon [_thread_blocked, id=2080, stack(0x000000001e490000,0x000000001e590000)]
=>0x0000000001e5f800 JavaThread "main" [_thread_in_native, id=4592, stack(0x0000000002190000,0x0000000002290000)]

Other Threads:
  0x000000001d3a2800 VMThread [stack: 0x000000001e330000,0x000000001e430000] [id=4340]
  0x000000001d4af000 WatcherThread [stack: 0x000000001edb0000,0x000000001eeb0000] [id=452]

VM state:not at safepoint (normal execution)

VM Mutex/Monitor currently owned by a thread: None

Heap:
 PSYoungGen      total 76288K, used 14439K [0x000000076af80000, 0x0000000770480000, 0x00000007c0000000)
  eden space 65536K, 22% used [0x000000076af80000,0x000000076bd99f48,0x000000076ef80000)
  from space 10752K, 0% used [0x000000076fa00000,0x000000076fa00000,0x0000000770480000)
  to   space 10752K, 0% used [0x000000076ef80000,0x000000076ef80000,0x000000076fa00000)
 ParOldGen       total 175104K, used 0K [0x00000006c0e00000, 0x00000006cb900000, 0x000000076af80000)
  object space 175104K, 0% used [0x00000006c0e00000,0x00000006c0e00000,0x00000006cb900000)
 Metaspace       used 6761K, capacity 7992K, committed 8320K, reserved 1056768K
  class space    used 509K, capacity 552K, committed 640K, reserved 1048576K

Card table byte_map: [0x0000000011920000,0x0000000012120000] byte_map_base: 0x000000000e319000

Marking Bits: (ParMarkBitMap*) 0x00000000591b4040
 Begin Bits: [0x00000000130b0000, 0x0000000017078000)
 End Bits:   [0x0000000017078000, 0x000000001b040000)

Polling page: 0x0000000000200000

CodeCache: size=245760Kb used=1906Kb max_used=1910Kb free=243853Kb
 bounds [0x0000000002560000, 0x00000000027d0000, 0x0000000011560000]
 total_blobs=838 nmethods=304 adapters=455
 compilation: enabled

Compilation events (10 events):
Event: 4.308 Thread 0x000000001d439000  300       3       sun.nio.cs.SingleByte$Encoder::encode (32 bytes)
Event: 4.308 Thread 0x000000001d439000 nmethod 300 0x000000000273c950 code [0x000000000273cac0, 0x000000000273ccd0]
Event: 4.308 Thread 0x000000001d439000  301       1       java.lang.AbstractStringBuilder::length (5 bytes)
Event: 4.308 Thread 0x000000001d439000 nmethod 301 0x000000000273c690 code [0x000000000273c7e0, 0x000000000273c8f0]
Event: 4.308 Thread 0x000000001d439000  302       3       java.lang.StringBuilder::charAt (6 bytes)
Event: 4.309 Thread 0x000000001d439000 nmethod 302 0x000000000273c010 code [0x000000000273c1a0, 0x000000000273c488]
Event: 4.309 Thread 0x000000001d439000  303       3       java.lang.AbstractStringBuilder::charAt (28 bytes)
Event: 4.309 Thread 0x000000001d439000 nmethod 303 0x000000000273bad0 code [0x000000000273bc40, 0x000000000273bec8]
Event: 4.309 Thread 0x000000001d439000  304       3       java.lang.StringBuilder::length (5 bytes)
Event: 4.309 Thread 0x000000001d439000 nmethod 304 0x000000000273b790 code [0x000000000273b8e0, 0x000000000273ba50]

GC Heap History (0 events):
No events

Deoptimization events (0 events):
No events

Internal exceptions (2 events):
Event: 0.025 Thread 0x0000000001e5f800 Exception <a 'java/lang/NoSuchMethodError': Method sun.misc.Unsafe.defineClass(Ljava/lang/String;[BII)Ljava/lang/Class; name or signature does not match> (0x000000076af8ce08) thrown at [C:\re\workspace\8-2-build-windows-amd64-cygwin\jdk8u45\3457\hotspot\sr?UùÒÙM™?
Event: 0.025 Thread 0x0000000001e5f800 Exception <a 'java/lang/NoSuchMethodError': Method sun.misc.Unsafe.prefetchRead(Ljava/lang/Object;J)V name or signature does not match> (0x000000076af8d098) thrown at [C:\re\workspace\8-2-build-windows-amd64-cygwin\jdk8u45\3457\hotspot\src\share\vm\prims\j

Events (10 events):
Event: 42.201 loading class java/util/ArrayList$Itr
Event: 42.201 loading class java/util/ArrayList$Itr done
Event: 42.234 Executing VM operation: GetOrSetLocal
Event: 42.234 Executing VM operation: GetOrSetLocal done
Event: 42.294 Executing VM operation: GetOrSetLocal
Event: 42.294 Executing VM operation: GetOrSetLocal done
Event: 42.295 Executing VM operation: GetOrSetLocal
Event: 42.295 Executing VM operation: GetOrSetLocal done
Event: 42.295 Executing VM operation: GetOrSetLocal
Event: 42.295 Executing VM operation: GetOrSetLocal done


Dynamic libraries:
0x000000013ffe0000 - 0x0000000140017000 	C:\Program Files\Java\jre1.8.0_45\bin\javaw.exe
0x0000000076e00000 - 0x0000000076fa8000 	C:\Windows\SYSTEM32\ntdll.dll
0x0000000076ce0000 - 0x0000000076dff000 	C:\Windows\system32\kernel32.dll
0x000007fefcc20000 - 0x000007fefcc8c000 	C:\Windows\system32\KERNELBASE.dll
0x000007fefd410000 - 0x000007fefd4eb000 	C:\Windows\system32\ADVAPI32.dll
0x000007fefedc0000 - 0x000007fefee5f000 	C:\Windows\system32\msvcrt.dll
0x000007fefd190000 - 0x000007fefd1af000 	C:\Windows\SYSTEM32\sechost.dll
0x000007fefd010000 - 0x000007fefd13d000 	C:\Windows\system32\RPCRT4.dll
0x0000000076be0000 - 0x0000000076cda000 	C:\Windows\system32\USER32.dll
0x000007fefcf80000 - 0x000007fefcfe7000 	C:\Windows\system32\GDI32.dll
0x000007fefde90000 - 0x000007fefde9e000 	C:\Windows\system32\LPK.dll
0x000007fefd1b0000 - 0x000007fefd279000 	C:\Windows\system32\USP10.dll
0x000007fefb5d0000 - 0x000007fefb7c4000 	C:\Windows\WinSxS\amd64_microsoft.windows.common-controls_6595b64144ccf1df_6.0.7601.17514_none_fa396087175ac9ac\COMCTL32.dll
0x000007fefd4f0000 - 0x000007fefd561000 	C:\Windows\system32\SHLWAPI.dll
0x000007fefee60000 - 0x000007fefee8e000 	C:\Windows\system32\IMM32.DLL
0x000007fefec30000 - 0x000007fefed39000 	C:\Windows\system32\MSCTF.dll
0x0000000056010000 - 0x00000000560e2000 	C:\Program Files\Java\jre1.8.0_45\bin\msvcr100.dll
0x00000000589b0000 - 0x0000000059233000 	C:\Program Files\Java\jre1.8.0_45\bin\server\jvm.dll
0x000007fee01c0000 - 0x000007fee01c9000 	C:\Windows\system32\WSOCK32.dll
0x000007fefd140000 - 0x000007fefd18d000 	C:\Windows\system32\WS2_32.dll
0x000007fefdc30000 - 0x000007fefdc38000 	C:\Windows\system32\NSI.dll
0x000007fef7340000 - 0x000007fef737b000 	C:\Windows\system32\WINMM.dll
0x000007fefbcb0000 - 0x000007fefbcbc000 	C:\Windows\system32\VERSION.dll
0x0000000076fc0000 - 0x0000000076fc7000 	C:\Windows\system32\PSAPI.DLL
0x0000000074870000 - 0x000000007487f000 	C:\Program Files\Java\jre1.8.0_45\bin\verify.dll
0x0000000074840000 - 0x0000000074869000 	C:\Program Files\Java\jre1.8.0_45\bin\java.dll
0x0000000059760000 - 0x0000000059795000 	C:\Program Files\Java\jre1.8.0_45\bin\jdwp.dll
0x0000000065310000 - 0x0000000065318000 	C:\Program Files\Java\jre1.8.0_45\bin\npt.dll
0x0000000074820000 - 0x0000000074836000 	C:\Program Files\Java\jre1.8.0_45\bin\zip.dll
0x000007fefdea0000 - 0x000007fefec29000 	C:\Windows\system32\SHELL32.dll
0x000007fefd570000 - 0x000007fefd773000 	C:\Windows\system32\ole32.dll
0x000007fefcbc0000 - 0x000007fefcbcf000 	C:\Windows\system32\profapi.dll
0x000000005cd60000 - 0x000000005cd69000 	C:\Program Files\Java\jre1.8.0_45\bin\dt_socket.dll
0x000007fefa800000 - 0x000007fefa815000 	C:\Windows\system32\NLAapi.dll
0x000007fefab30000 - 0x000007fefab45000 	C:\Windows\system32\napinsp.dll
0x000007fefaaf0000 - 0x000007fefab09000 	C:\Windows\system32\pnrpnsp.dll
0x000007fefae60000 - 0x000007fefae70000 	C:\Windows\system32\wshbth.dll
0x000007fefc300000 - 0x000007fefc355000 	C:\Windows\System32\mswsock.dll
0x000007fefc190000 - 0x000007fefc1eb000 	C:\Windows\system32\DNSAPI.dll
0x000007fefaae0000 - 0x000007fefaaeb000 	C:\Windows\System32\winrnr.dll
0x000007fefa560000 - 0x000007fefa587000 	C:\Windows\system32\IPHLPAPI.DLL
0x000007fefa550000 - 0x000007fefa55b000 	C:\Windows\system32\WINNSI.DLL
0x000007fefa3f0000 - 0x000007fefa443000 	C:\Windows\System32\fwpuclnt.dll
0x000007fef9f80000 - 0x000007fef9f88000 	C:\Windows\system32\rasadhlp.dll
0x000007fefbd80000 - 0x000007fefbd87000 	C:\Windows\System32\wshtcpip.dll
0x000007fee76a0000 - 0x000007fee76fa000 	F:\Eclipse_Workspace\GorskE\lib\native\windows\x64\lwjgl.dll
0x000007fee1100000 - 0x000007fee121d000 	C:\Windows\system32\OPENGL32.dll
0x000007fef76f0000 - 0x000007fef771d000 	C:\Windows\system32\GLU32.dll
0x000007fee5720000 - 0x000007fee5811000 	C:\Windows\system32\DDRAW.dll
0x000007fef7840000 - 0x000007fef7848000 	C:\Windows\system32\DCIMAN32.dll
0x000007fefda50000 - 0x000007fefdc27000 	C:\Windows\system32\SETUPAPI.dll
0x000007fefcd00000 - 0x000007fefcd36000 	C:\Windows\system32\CFGMGR32.dll
0x000007fefef90000 - 0x000007feff067000 	C:\Windows\system32\OLEAUT32.dll
0x000007fefcf60000 - 0x000007fefcf7a000 	C:\Windows\system32\DEVOBJ.dll
0x000007fefaeb0000 - 0x000007fefaec8000 	C:\Windows\system32\dwmapi.dll
0x000007fefb150000 - 0x000007fefb1a6000 	C:\Windows\system32\uxtheme.dll
0x000007fef7820000 - 0x000007fef7838000 	C:\Windows\system32\atig6pxx.dll
0x00000000510e0000 - 0x0000000052bb3000 	C:\Windows\system32\atio6axx.dll
0x000007fefa590000 - 0x000007fefa6b8000 	C:\Windows\system32\atiadlxx.dll
0x000007fefb370000 - 0x000007fefb49c000 	C:\Windows\system32\PROPSYS.dll
0x000007fefcbf0000 - 0x000007fefcc0e000 	C:\Windows\system32\USERENV.dll
0x000007fefbc90000 - 0x000007fefbca1000 	C:\Windows\system32\WTSAPI32.dll
0x000007fefccc0000 - 0x000007fefccfb000 	C:\Windows\system32\WINTRUST.dll
0x000007fefcdf0000 - 0x000007fefcf5d000 	C:\Windows\system32\CRYPT32.dll
0x000007fefcbd0000 - 0x000007fefcbdf000 	C:\Windows\system32\MSASN1.dll
0x000007fee7700000 - 0x000007fee7729000 	C:\Windows\system32\atig6txx.dll
0x000007fefca60000 - 0x000007fefca6f000 	C:\Windows\system32\CRYPTBASE.dll
0x000007feec180000 - 0x000007feec2a5000 	C:\Windows\system32\dbghelp.dll

VM Arguments:
jvm_args: -agentlib:jdwp=transport=dt_socket,suspend=y,address=localhost:50056 -Djava.library.path=F:\Eclipse_Workspace\GorskE\lib\native\windows\x64 -Dfile.encoding=Cp1252 
java_command: gorskE.GorskE
java_class_path (initial): F:\Eclipse_Workspace\GorskE\bin;F:\Eclipse_Workspace\GorskE\lib\lwjgl.jar;F:\Eclipse_Workspace\GorskE\lib\PNGDecoder.jar;F:\Eclipse_Workspace\GorskE\lib\jbullet.jar
Launcher Type: SUN_STANDARD

Environment Variables:
JAVA_HOME=C:\Program Files\Java\jdk1.8.0_25
CLASSPATH=C:\Program Files\Java\jdk1.8.0_25;
PATH=C:/Program Files/Java/jre1.8.0_45/bin/server;C:/Program Files/Java/jre1.8.0_45/bin;C:/Program Files/Java/jre1.8.0_45/lib/amd64;C:\ProgramData\Oracle\Java\javapath;C:\Program Files\Java\jdk1.8.0_25;C:\Program Files (x86)\NVIDIA Corporation\PhysX\Common;C:\Windows\system32;C:\Windows;C:\Windows\System32\Wbem;C:\Windows\System32\WindowsPowerShell\v1.0\;C:\Program Files (x86)\ATI Technologies\ATI.ACE\Core-Static;F:\Programs\eclipse;
USERNAME=Sean
OS=Windows_NT
PROCESSOR_IDENTIFIER=Intel64 Family 6 Model 60 Stepping 3, GenuineIntel



---------------  S Y S T E M  ---------------

OS: Windows 7 , 64 bit Build 7601 (6.1.7601.18798)

CPU:total 8 (4 cores per cpu, 2 threads per core) family 6 model 60 stepping 3, cmov, cx8, fxsr, mmx, sse, sse2, sse3, ssse3, sse4.1, sse4.2, popcnt, avx, avx2, aes, clmul, erms, lzcnt, ht, tsc, tscinvbit, bmi1, bmi2

Memory: 4k page, physical 16714520k(12788268k free), swap 33427188k(28704840k free)

vm_info: Java HotSpot(TM) 64-Bit Server VM (25.45-b02) for windows-amd64 JRE (1.8.0_45-b14), built on Apr 10 2015 10:34:15 by "java_re" with MS VC++ 10.0 (VS2010)

time: Thu Apr 16 13:21:54 2015
elapsed time: 43 seconds (0d 0h 0m 43s)

